[0mGET / [31m500[0m 5.735 ms - 1567[0m
[0mGET / [32m200[0m 49.104 ms - 8041[0m
[0mGET /signup [32m200[0m 30.526 ms - 8253[0m
[0mPOST /create-user [36m302[0m 176.602 ms - 46[0m
[0mGET / [32m200[0m 15.310 ms - 8135[0m
[0mPOST /create-session [36m302[0m 164.715 ms - 46[0m
[0mGET / [32m200[0m 25.321 ms - 13891[0m
[0mGET /jobs [32m200[0m 19.570 ms - 18026[0m
[0mGET /profile/6612b092ceacf51202da146d [32m200[0m 18.100 ms - 11246[0m
[0mGET / [36m304[0m 19.540 ms - -[0m
[0mGET /jobs [36m304[0m 33.770 ms - -[0m
[0mGET / [32m200[0m 19.018 ms - 8041[0m
[0mGET /destroy-session [36m302[0m 13.075 ms - 46[0m
[0mGET / [36m304[0m 42.943 ms - -[0m
[0mPOST /create-session [36m302[0m 114.368 ms - 46[0m
[0mGET / [32m200[0m 15.981 ms - 13891[0m
[0mGET /jobs [36m304[0m 11.113 ms - -[0m
[0mGET /profile/6612b092ceacf51202da146d [32m200[0m 10.241 ms - 11246[0m
[0mGET /jobs [36m304[0m 10.481 ms - -[0m
[0mGET / [36m304[0m 9.974 ms - -[0m
[0mPOST /students/add [32m200[0m 60.824 ms - 294[0m
[0mGET /jobs [36m304[0m 8.242 ms - -[0m
[0mGET /profile/6612b092ceacf51202da146d [36m304[0m 8.379 ms - -[0m
[0mGET /report [36m302[0m 24.105 ms - 152[0m
[0mGET /profile/6612b092ceacf51202da146d [32m200[0m 5.806 ms - 11348[0m
[0mGET / [32m200[0m 17.520 ms - 17128[0m
[0mPOST /interviews/add [32m200[0m 6.157 ms - 156[0m
[0mPOST /interviews/create-interview [32m200[0m 10.262 ms - 913[0m
[0mPOST /interviews/students/add [32m200[0m 18.716 ms - 2928[0m
[0mGET /report [32m200[0m 91.210 ms - 382[0m
[0mGET /jobs [36m304[0m 9.470 ms - -[0m
[0mGET /profile/6612b092ceacf51202da146d [32m200[0m 8.134 ms - 11246[0m
[0mGET / [32m200[0m 34.007 ms - 20743[0m
[0mGET / [36m304[0m 31.211 ms - -[0m
[0mGET /api-docs/ [33m404[0m 6.062 ms - 148[0m
[0mGET / [32m200[0m 322.591 ms - 8041[0m
[0mPOST /create-session [36m302[0m 256.063 ms - 46[0m
[0mGET / [32m200[0m 863.947 ms - 8127[0m
[0mPOST /create-session [36m302[0m 264.077 ms - 46[0m
[0mGET / [32m200[0m 238.807 ms - 8041[0m
[0mGET /signup [32m200[0m 173.805 ms - 8339[0m
[0mPOST /create-user [36m302[0m 591.699 ms - 46[0m
[0mGET / [32m200[0m 193.076 ms - 8135[0m
[0mPOST /create-session [36m302[0m 640.074 ms - 46[0m
[0mGET / [31m500[0m 466.929 ms - 2376[0m
[0mGET / [31m500[0m 562.737 ms - 2376[0m
[0mGET / [31m500[0m 429.401 ms - 2376[0m
[0mGET / [31m500[0m 554.561 ms - 2376[0m
[0mGET / [31m500[0m 480.247 ms - 2376[0m
[0mGET / [31m500[0m 2349.296 ms - 2376[0m
[0mGET / [32m200[0m 422.038 ms - 8041[0m
[0mGET /signup [32m200[0m 320.215 ms - 8253[0m
[0mPOST /create-user [36m302[0m 983.596 ms - 46[0m
[0mGET / [32m200[0m 1382.206 ms - 8135[0m
[0mPOST /create-session [36m302[0m 1000.141 ms - 46[0m
[0mGET / [32m200[0m 714.089 ms - 13891[0m
[0mPOST /students/add [32m200[0m 6712.730 ms - 294[0m
[0mPOST /students/add [32m200[0m 5885.247 ms - 294[0m
[0mDELETE /students/delete/6613abe91f7b9575ccf16baa [32m200[0m 6923.811 ms - 569[0m
[0mPOST /interviews/add [32m200[0m 688.429 ms - 156[0m
[0mPOST /students/add [32m200[0m 7262.901 ms - 289[0m
[0mPOST /interviews/create-interview [32m200[0m 1207.979 ms - 1321[0m
[0mPOST /interviews/students/add [32m200[0m 3317.234 ms - 3324[0m
[0mPOST /interviews/create-interview [32m200[0m 5255.414 ms - 1426[0m
[0mPOST /interviews/students/add [32m200[0m 3767.249 ms - 4204[0m
[0mGET /jobs [32m200[0m 466.601 ms - 18026[0m
[0mGET /profile/6613aba81f7b9575ccf16b68 [32m200[0m 828.228 ms - 11246[0m
[0mGET / [32m200[0m 3535.857 ms - 26009[0m
[0mPOST /interviews/add [32m200[0m 840.924 ms - 166[0m
[0mPOST /interviews/create-interview [32m200[0m 1619.380 ms - 1435[0m
[0mPOST /interviews/students/add [32m200[0m 3941.129 ms - 3568[0m
[0mPOST /students/add [32m200[0m 5938.062 ms - 294[0m
[0mPOST /students/add [32m200[0m 6661.426 ms - 295[0m
[0mPOST /interviews/create-interview [32m200[0m 840.032 ms - 2413[0m
[0mPOST /interviews/students/add [32m200[0m 3036.980 ms - 6016[0m
[0mPOST /interviews/create-interview [32m200[0m 1313.976 ms - 2519[0m
[0mPOST /interviews/students/add [32m200[0m 911.770 ms - 83[0m
[0mPOST /interviews/students/add [32m200[0m 2240.387 ms - 6906[0m
[0mPOST /interviews/create-interview [32m200[0m 1446.195 ms - 2473[0m
[0mPOST /interviews/students/add [32m200[0m 3460.147 ms - 5405[0m
[0mPUT /interviews/students/edit/6613af291f7b9575ccf16d16 [32m200[0m 2662.087 ms - 5298[0m
[0mPOST /interviews/create-interview [32m200[0m 1408.003 ms - 2581[0m
[0mDELETE /interviews/delete-interview/6613af4f1f7b9575ccf16d3a [32m200[0m 1041.155 ms - 84[0m
[0mPOST /interviews/create-interview [32m200[0m 1447.659 ms - 2581[0m
[0mPOST /interviews/students/add [32m200[0m 3538.497 ms - 6380[0m
[0mPOST /interviews/add [32m200[0m 888.826 ms - 156[0m
[0mPOST /interviews/create-interview [32m200[0m 1541.944 ms - 2518[0m
[0mPOST /interviews/students/add [32m200[0m 3205.583 ms - 4733[0m
[0mPOST /interviews/create-interview [32m200[0m 1796.585 ms - 2625[0m
[0mPOST /interviews/students/add [32m200[0m 3401.970 ms - 5724[0m
[0mPOST /interviews/create-interview [32m200[0m 1499.656 ms - 2733[0m
[0mDELETE /interviews/delete-interview/6613afa61f7b9575ccf16d8f [32m200[0m 1175.349 ms - 84[0m
[0mGET / [32m200[0m 3063.315 ms - 50974[0m
[0mGET /destroy-session [36m302[0m 523.681 ms - 46[0m
[0mGET / [32m200[0m 1327.987 ms - 8128[0m
[0mGET /signup [36m304[0m 195.718 ms - -[0m
[0mGET / [32m200[0m 472.406 ms - 8041[0m
[0mGET / [36m304[0m 456.644 ms - -[0m
[0mGET / [36m304[0m 369.254 ms - -[0m
[0mGET / [36m304[0m 258.348 ms - -[0m
[0mGET / [36m304[0m 361.110 ms - -[0m
[0mGET / [36m304[0m 262.663 ms - -[0m
[0mGET /signup [36m304[0m 271.229 ms - -[0m
[0mGET /signup [36m304[0m 511.603 ms - -[0m
[0mGET / [36m304[0m 91.479 ms - -[0m
[0mGET /signup [36m304[0m 58.492 ms - -[0m
[0mGET /signup [36m304[0m 172.903 ms - -[0m
[0mGET /signup [36m304[0m 120.662 ms - -[0m
[0mGET /signup [36m304[0m 54.757 ms - -[0m
[0mGET /signup [36m304[0m 180.670 ms - -[0m
[0mGET /signup [36m304[0m 134.374 ms - -[0m
[0mGET /signup [36m304[0m 136.480 ms - -[0m
[0mGET /signup [36m304[0m 99.739 ms - -[0m
[0mGET /signup [36m304[0m 166.253 ms - -[0m
[0mGET /signup [36m304[0m 153.169 ms - -[0m
[0mGET /signup [36m304[0m 219.951 ms - -[0m
[0mGET /signup [36m304[0m 135.710 ms - -[0m
[0mGET /signup [36m304[0m 180.855 ms - -[0m
[0mGET /signup [36m304[0m 179.768 ms - -[0m
[0mGET /signup [36m304[0m 123.731 ms - -[0m
[0mGET /signup [36m304[0m 116.008 ms - -[0m
[0mGET /signup [36m304[0m 162.992 ms - -[0m
[0mGET /signup [36m304[0m 179.470 ms - -[0m
[0mGET /signup [36m304[0m 203.568 ms - -[0m
[0mGET /signup [36m304[0m 80.645 ms - -[0m
[0mGET /signup [36m304[0m 149.553 ms - -[0m
[0mGET / [36m304[0m 111.601 ms - -[0m
[0mGET /signup [36m304[0m 168.437 ms - -[0m
[0mGET /signup [36m304[0m 183.591 ms - -[0m
[0mGET /signup [36m304[0m 122.547 ms - -[0m
[0mGET /signup [36m304[0m 144.363 ms - -[0m
[0mGET /signup [36m304[0m 161.745 ms - -[0m
[0mGET /signup [36m304[0m 125.195 ms - -[0m
[0mGET /signup [36m304[0m 44.707 ms - -[0m
[0mGET /signup [36m304[0m 216.571 ms - -[0m
[0mGET /signup [36m304[0m 463.833 ms - -[0m
[0mGET / [36m304[0m 381.656 ms - -[0m
[0mGET / [36m304[0m 97.267 ms - -[0m
[0mGET / [36m304[0m 95.127 ms - -[0m
[0mGET / [36m304[0m 98.058 ms - -[0m
[0mGET /signup [36m304[0m 51.847 ms - -[0m
[0mGET /signup [36m304[0m 50.011 ms - -[0m
[0mGET /signup [36m304[0m 178.400 ms - -[0m
[0mGET /signup [36m304[0m 170.103 ms - -[0m
[0mGET /signup [36m304[0m 52.179 ms - -[0m
[0mGET /signup [36m304[0m 50.921 ms - -[0m
[0mGET /signup [36m304[0m 60.508 ms - -[0m
[0mGET /signup [36m304[0m 50.907 ms - -[0m
[0mGET / [36m304[0m 90.468 ms - -[0m
[0mGET /signup [36m304[0m 49.680 ms - -[0m
[0mGET / [36m304[0m 54.498 ms - -[0m
[0mGET / [36m304[0m 88.969 ms - -[0m
[0mGET /signup [36m304[0m 49.903 ms - -[0m
[0mGET / [36m304[0m 93.419 ms - -[0m
[0mGET / [36m304[0m 1136.692 ms - -[0m
[0mGET /signup [36m304[0m 45.787 ms - -[0m
[0mGET / [36m304[0m 86.511 ms - -[0m
[0mPOST /create-session [36m302[0m 647.879 ms - 46[0m
[0mGET / [32m200[0m 1973.000 ms - 50974[0m
[0mGET /jobs [36m304[0m 104.057 ms - -[0m
[0mGET / [36m304[0m 1153.792 ms - -[0m
[0mGET / [36m304[0m 1594.572 ms - -[0m
[0mGET / [36m304[0m 1108.172 ms - -[0m
[0mGET / [36m304[0m 892.822 ms - -[0m
[0mGET / [36m304[0m 1162.044 ms - -[0m
[0mGET / [36m304[0m 725.003 ms - -[0m
[0mGET /jobs [36m304[0m 320.503 ms - -[0m
[0mGET /jobs [36m304[0m 313.501 ms - -[0m
[0mGET / [36m304[0m 901.197 ms - -[0m
[0mGET /profile/6613aba81f7b9575ccf16b68 [32m200[0m 425.004 ms - 11246[0m
[0mGET /profile/6613aba81f7b9575ccf16b68 [36m304[0m 156.726 ms - -[0m
[0mGET /jobs [36m304[0m 102.671 ms - -[0m
[0mGET /jobs [36m304[0m 172.935 ms - -[0m
[0mGET / [36m304[0m 833.179 ms - -[0m
[0mGET /jobs [36m304[0m 212.034 ms - -[0m
[0mGET /profile/6613aba81f7b9575ccf16b68 [36m304[0m 346.514 ms - -[0m
[0mGET /jobs [36m304[0m 249.629 ms - -[0m
[0mGET /jobs [36m304[0m 100.786 ms - -[0m
[0mGET / [36m304[0m 923.792 ms - -[0m
[0mGET /profile/6613aba81f7b9575ccf16b68 [36m304[0m 355.222 ms - -[0m
[0mGET / [36m304[0m 943.636 ms - -[0m
[0mGET / [32m200[0m 92.704 ms - 8041[0m
[0mPOST /create-session [36m302[0m 370.672 ms - 46[0m
[0mGET / [32m200[0m 1273.742 ms - 50974[0m
[0mGET / [32m200[0m 1271.165 ms - 8041[0m
[0mPOST /create-session [36m302[0m 645.256 ms - 46[0m
[0mGET / [32m200[0m 2228.155 ms - 50974[0m
[0mGET /profile/6613aba81f7b9575ccf16b68 [36m304[0m 376.008 ms - -[0m
[0mGET /jobs [36m304[0m 256.028 ms - -[0m
[0mGET / [36m304[0m 1584.507 ms - -[0m
[0mGET /jobs [36m304[0m 345.700 ms - -[0m
[0mGET / [36m304[0m 874.721 ms - -[0m
[0mGET /jobs [36m304[0m 314.950 ms - -[0m
[0mGET / [32m200[0m 416.881 ms - 50976[0m
[0mGET / [36m304[0m 908.599 ms - -[0m
[0mGET / [32m200[0m 1670.504 ms - 50978[0m
[0mGET / [32m200[0m 774.986 ms - 50846[0m
[0mGET / [32m200[0m 917.421 ms - 50994[0m
[0mGET / [32m200[0m 929.738 ms - 50976[0m
[0mGET / [32m200[0m 886.461 ms - 50979[0m
[0mGET / [32m200[0m 839.033 ms - 50949[0m
[0mGET / [36m304[0m 1698.045 ms - -[0m
[0mGET / [36m304[0m 672.613 ms - -[0m
[0mGET /jobs [36m304[0m 96.087 ms - -[0m
[0mGET /profile/6613aba81f7b9575ccf16b68 [36m304[0m 140.243 ms - -[0m
[0mGET /profile/6613aba81f7b9575ccf16b68 [36m304[0m 139.239 ms - -[0m
[0mGET /jobs [36m304[0m 92.894 ms - -[0m
[0mGET /profile/6613aba81f7b9575ccf16b68 [36m304[0m 138.840 ms - -[0m
[0mGET / [36m304[0m 640.050 ms - -[0m
[0mGET /profile/6613aba81f7b9575ccf16b68 [36m304[0m 140.879 ms - -[0m
[0mGET /jobs [36m304[0m 92.270 ms - -[0m
[0mGET / [36m304[0m 370.315 ms - -[0m
[0mGET / [32m200[0m 333.493 ms - 50919[0m
[0mGET / [32m200[0m 336.038 ms - 50869[0m
[0mGET / [32m200[0m 325.615 ms - 50904[0m
[0mGET / [32m200[0m 328.791 ms - 50919[0m
[0mGET / [36m304[0m 350.672 ms - -[0m
[0mGET /jobs [36m304[0m 92.636 ms - -[0m
[0mGET /profile/6613aba81f7b9575ccf16b68 [36m304[0m 137.064 ms - -[0m
[0mGET /jobs [36m304[0m 93.591 ms - -[0m
[0mGET / [36m304[0m 368.949 ms - -[0m
[0mGET /jobs [36m304[0m 96.342 ms - -[0m
