[0mGET /jobs [36m302[0m 5.688 ms - 46[0m
[0mGET / [32m200[0m 1133.760 ms - 8041[0m
[0mGET /auth/google [36m302[0m 54.450 ms - 0[0m
[0mPOST /create-session [36m302[0m 233.671 ms - 46[0m
[0mGET / [32m200[0m 1108.987 ms - 50919[0m
[0mGET /profile/6613aba81f7b9575ccf16b68 [36m304[0m 120.337 ms - -[0m
[0mGET / [36m304[0m 594.968 ms - -[0m
[0mGET /profile/6613aba81f7b9575ccf16b68 [36m304[0m 123.450 ms - -[0m
[0mGET / [36m304[0m 592.656 ms - -[0m
[0mGET /report [32m200[0m 478.110 ms - 1513[0m
[0mGET /destroy-session [36m302[0m 171.048 ms - 46[0m
[0mGET / [32m200[0m 79.610 ms - 8128[0m
[0mGET /auth/google [36m302[0m 40.403 ms - 0[0m
[0mPOST /create-session [36m302[0m 238.485 ms - 46[0m
[0mGET / [32m200[0m 328.121 ms - 50919[0m
[0mGET /jobs [32m200[0m 85.843 ms - 18026[0m
[0mGET /jobs [32m200[0m 94.956 ms - 18026[0m
[0mGET /jobs [36m304[0m 81.644 ms - -[0m
[0mGET / [36m304[0m 338.601 ms - -[0m
[0mGET /profile/6613aba81f7b9575ccf16b68 [36m304[0m 119.016 ms - -[0m
[0mGET / [36m304[0m 333.222 ms - -[0m
[0mGET / [36m304[0m 618.111 ms - -[0m
[0mGET /destroy-session [36m302[0m 164.740 ms - 46[0m
[0mGET / [32m200[0m 315.211 ms - 8128[0m
[0mGET /signup [36m304[0m 43.923 ms - -[0m
[0mGET / [32m200[0m 79.947 ms - 8041[0m
[0mGET / [36m304[0m 104.094 ms - -[0m
[0mGET /auth/google [36m302[0m 39.245 ms - 0[0m
[0mGET / [36m304[0m 93.718 ms - -[0m
[0mGET / [36m304[0m 94.637 ms - -[0m
[0mPOST /create-session [36m302[0m 272.999 ms - 46[0m
[0mGET / [32m200[0m 1200.100 ms - 50919[0m
[0mGET /jobs [36m304[0m 406.981 ms - -[0m
[0mGET /profile/6613aba81f7b9575ccf16b68 [36m304[0m 128.487 ms - -[0m
[0mGET / [36m304[0m 711.833 ms - -[0m
[0mPOST /interviews/add [32m200[0m 180.178 ms - 159[0m
[0mGET /jobs [36m304[0m 391.493 ms - -[0m
[0mGET /profile/6613aba81f7b9575ccf16b68 [36m304[0m 206.394 ms - -[0m
[0mGET /destroy-session [36m302[0m 439.378 ms - 46[0m
[0mGET / [32m200[0m 79.821 ms - 8128[0m
[0mGET /signup [36m304[0m 44.459 ms - -[0m
[0mGET /auth/google [36m302[0m 39.226 ms - 0[0m
[0mGET /?code=4%2F0AeaYSHBxpb20Iif3OEGPzg_YUoH4BaQMEgTQPxeoypZelhwkPvHfTOuj3dfDs1IeTZbeKw&scope=email+profile+openid+https%3A%2F%2Fwww.googleapis.com%2Fauth%2Fuserinfo.profile+https%3A%2F%2Fwww.googleapis.com%2Fauth%2Fuserinfo.email&authuser=1&prompt=consent [32m200[0m 168.332 ms - 8041[0m
[0mGET / [32m200[0m 5156.336 ms - 8041[0m
[0mPOST /create-session [36m302[0m 337.392 ms - 46[0m
[0mGET / [32m200[0m 1612.015 ms - 52614[0m
[0mPOST /students/add [32m200[0m 2769.377 ms - 305[0m
[0mPOST /interviews/create-interview [32m200[0m 313.219 ms - 3263[0m
[0mPOST /interviews/students/add [32m200[0m 3136.492 ms - 8665[0m
[0mPUT /interviews/students/edit/6613ac491f7b9575ccf16c2b [32m200[0m 2013.896 ms - 8517[0m
[0mPOST /interviews/create-interview [32m200[0m 195.956 ms - 79[0m
[0mPOST /interviews/create-interview [32m200[0m 1333.704 ms - 3267[0m
[0mDELETE /interviews/delete-interview/66177e827d4ea37d13a9acd2 [32m200[0m 515.075 ms - 84[0m
[0mGET /report [32m200[0m 1371.949 ms - 1651[0m
[0mGET / [32m200[0m 174.672 ms - 8041[0m
[0mGET / [36m304[0m 92.297 ms - -[0m
[0mGET /auth/google [36m302[0m 179.184 ms - 0[0m
[0mGET /?code=4%2F0AeaYSHD3Vd8lLBiZplCZLOCuSMKP_dQ1JGGlWFtLC3KrwdCLNyKDtoaWLnD-q40XFlVw8w&scope=email+profile+openid+https%3A%2F%2Fwww.googleapis.com%2Fauth%2Fuserinfo.profile+https%3A%2F%2Fwww.googleapis.com%2Fauth%2Fuserinfo.email&authuser=1&prompt=consent [32m200[0m 111.977 ms - 8041[0m
[0mGET /auth/google [36m302[0m 107.690 ms - 0[0m
[0mGET /auth/google [36m302[0m 199.065 ms - 0[0m
[0mGET / [36m304[0m 104.789 ms - -[0m
[0mGET /auth/google [36m302[0m 44.147 ms - 0[0m
[0mGET /?code=4%2F0AeaYSHAOzQPXxjisD8CGeu_BafI5436-sFe9LHW-V8LYl0wDf1lRQRTFYrb9dAXZeVv1bg&scope=email+profile+openid+https%3A%2F%2Fwww.googleapis.com%2Fauth%2Fuserinfo.profile+https%3A%2F%2Fwww.googleapis.com%2Fauth%2Fuserinfo.email&authuser=1&prompt=consent [32m200[0m 80.823 ms - 8041[0m
[0mPOST /create-session [36m302[0m 82.532 ms - 46[0m
[0mGET / [32m200[0m 404.998 ms - 8127[0m
[0mGET /signup [36m304[0m 44.320 ms - -[0m
[0mGET / [32m200[0m 83.405 ms - 8041[0m
[0mGET /auth/google [36m302[0m 41.122 ms - 0[0m
[0mGET /signup [36m304[0m 43.492 ms - -[0m
[0mGET /signup [36m304[0m 55.697 ms - -[0m
[0mGET / [36m304[0m 84.350 ms - -[0m
[0mGET /auth/google [36m302[0m 43.750 ms - 0[0m
[0mGET / [36m304[0m 87.126 ms - -[0m
[0mGET /auth/google [36m302[0m 40.894 ms - 0[0m
[0mGET /?code=4%2F0AeaYSHBvipxVom0PjVdjDwRcnyKIcqFVNuMb_LJ3A0_2PbyoJsL3RoaIKZ-QVb-rfQQaIw&scope=email+profile+openid+https%3A%2F%2Fwww.googleapis.com%2Fauth%2Fuserinfo.profile+https%3A%2F%2Fwww.googleapis.com%2Fauth%2Fuserinfo.email&authuser=1&prompt=consent [32m200[0m 81.138 ms - 8041[0m
